# JRE version: OpenJDK Runtime Environment (11.0.15) (build 11.0.15+0-b2043.56-8887301)
# Java VM: OpenJDK 64-Bit Server VM (11.0.15+0-b2043.56-8887301, mixed mode, tiered, compressed oops, g1 gc, windows-amd64)
Heap:
 garbage-first heap   total 321536K, used 221578K [0x0000000080000000, 0x0000000100000000)
  region size 1024K, 5 young (5120K), 3 survivors (3072K)
 Metaspace       used 149375K, capacity 155053K, committed 155368K, reserved 1183744K
  class space    used 18491K, capacity 20506K, committed 20608K, reserved 1048576K
GC Heap History (20 events):
Event: 10336.628 GC heap before
{Heap before GC invocations=184 (full 0):
 garbage-first heap   total 321536K, used 289778K [0x0000000080000000, 0x0000000100000000)
  region size 1024K, 49 young (50176K), 6 survivors (6144K)
 Metaspace       used 149009K, capacity 154704K, committed 154856K, reserved 1183744K
  class space    used 18484K, capacity 20498K, committed 20608K, reserved 1048576K
}
Event: 10336.661 GC heap after
{Heap after GC invocations=185 (full 0):
 garbage-first heap   total 321536K, used 229145K [0x0000000080000000, 0x0000000100000000)
  region size 1024K, 5 young (5120K), 5 survivors (5120K)
 Metaspace       used 149009K, capacity 154704K, committed 154856K, reserved 1183744K
  class space    used 18484K, capacity 20498K, committed 20608K, reserved 1048576K
}
Event: 10336.832 GC heap before
{Heap before GC invocations=185 (full 0):
 garbage-first heap   total 321536K, used 239385K [0x0000000080000000, 0x0000000100000000)
  region size 1024K, 15 young (15360K), 5 survivors (5120K)
 Metaspace       used 149013K, capacity 154704K, committed 154856K, reserved 1183744K
  class space    used 18484K, capacity 20498K, committed 20608K, reserved 1048576K
}
Event: 10336.856 GC heap after
{Heap after GC invocations=186 (full 0):
 garbage-first heap   total 321536K, used 223010K [0x0000000080000000, 0x0000000100000000)
  region size 1024K, 1 young (1024K), 1 survivors (1024K)
 Metaspace       used 149013K, capacity 154704K, committed 154856K, reserved 1183744K
  class space    used 18484K, capacity 20498K, committed 20608K, reserved 1048576K
}
Event: 10832.207 GC heap before
{Heap before GC invocations=186 (full 0):
 garbage-first heap   total 321536K, used 267042K [0x0000000080000000, 0x0000000100000000)
  region size 1024K, 45 young (46080K), 1 survivors (1024K)
 Metaspace       used 149067K, capacity 154749K, committed 154856K, reserved 1183744K
  class space    used 18492K, capacity 20512K, committed 20608K, reserved 1048576K
}
Event: 10832.472 GC heap after
{Heap after GC invocations=187 (full 0):
 garbage-first heap   total 321536K, used 225700K [0x0000000080000000, 0x0000000100000000)
  region size 1024K, 4 young (4096K), 4 survivors (4096K)
 Metaspace       used 149067K, capacity 154749K, committed 154856K, reserved 1183744K
  class space    used 18492K, capacity 20512K, committed 20608K, reserved 1048576K
}
Event: 10834.754 GC heap before
{Heap before GC invocations=188 (full 0):
 garbage-first heap   total 321536K, used 267684K [0x0000000080000000, 0x0000000100000000)
  region size 1024K, 48 young (49152K), 4 survivors (4096K)
 Metaspace       used 149061K, capacity 154680K, committed 154856K, reserved 1183744K
  class space    used 18485K, capacity 20499K, committed 20608K, reserved 1048576K
}
Event: 10834.796 GC heap after
{Heap after GC invocations=189 (full 0):
 garbage-first heap   total 321536K, used 232825K [0x0000000080000000, 0x0000000100000000)
  region size 1024K, 6 young (6144K), 6 survivors (6144K)
 Metaspace       used 149061K, capacity 154680K, committed 154856K, reserved 1183744K
  class space    used 18485K, capacity 20499K, committed 20608K, reserved 1048576K
}
Event: 10834.854 GC heap before
{Heap before GC invocations=189 (full 0):
 garbage-first heap   total 321536K, used 242041K [0x0000000080000000, 0x0000000100000000)
  region size 1024K, 15 young (15360K), 6 survivors (6144K)
 Metaspace       used 149063K, capacity 154681K, committed 154856K, reserved 1183744K
  class space    used 18485K, capacity 20499K, committed 20608K, reserved 1048576K
}
Event: 10834.888 GC heap after
{Heap after GC invocations=190 (full 0):
 garbage-first heap   total 321536K, used 219822K [0x0000000080000000, 0x0000000100000000)
  region size 1024K, 2 young (2048K), 2 survivors (2048K)
 Metaspace       used 149063K, capacity 154681K, committed 154856K, reserved 1183744K
  class space    used 18485K, capacity 20499K, committed 20608K, reserved 1048576K
}
Event: 10835.799 GC heap before
{Heap before GC invocations=190 (full 0):
 garbage-first heap   total 321536K, used 255662K [0x0000000080000000, 0x0000000100000000)
  region size 1024K, 39 young (39936K), 2 survivors (2048K)
 Metaspace       used 149162K, capacity 154787K, committed 155112K, reserved 1183744K
  class space    used 18488K, capacity 20505K, committed 20608K, reserved 1048576K
}
Event: 10835.817 GC heap after
{Heap after GC invocations=191 (full 0):
 garbage-first heap   total 321536K, used 223844K [0x0000000080000000, 0x0000000100000000)
  region size 1024K, 6 young (6144K), 6 survivors (6144K)
 Metaspace       used 149162K, capacity 154787K, committed 155112K, reserved 1183744K
  class space    used 18488K, capacity 20505K, committed 20608K, reserved 1048576K
}
Event: 10853.445 GC heap before
{Heap before GC invocations=192 (full 0):
 garbage-first heap   total 321536K, used 287332K [0x0000000080000000, 0x0000000100000000)
  region size 1024K, 47 young (48128K), 6 survivors (6144K)
 Metaspace       used 149256K, capacity 154921K, committed 155112K, reserved 1183744K
  class space    used 18489K, capacity 20506K, committed 20608K, reserved 1048576K
}
Event: 10853.512 GC heap after
{Heap after GC invocations=193 (full 0):
 garbage-first heap   total 321536K, used 228528K [0x0000000080000000, 0x0000000100000000)
  region size 1024K, 6 young (6144K), 6 survivors (6144K)
 Metaspace       used 149256K, capacity 154921K, committed 155112K, reserved 1183744K
  class space    used 18489K, capacity 20506K, committed 20608K, reserved 1048576K
}
Event: 10853.596 GC heap before
{Heap before GC invocations=193 (full 0):
 garbage-first heap   total 321536K, used 236720K [0x0000000080000000, 0x0000000100000000)
  region size 1024K, 15 young (15360K), 6 survivors (6144K)
 Metaspace       used 149262K, capacity 154985K, committed 155112K, reserved 1183744K
  class space    used 18489K, capacity 20506K, committed 20608K, reserved 1048576K
}
Event: 10853.651 GC heap after
{Heap after GC invocations=194 (full 0):
 garbage-first heap   total 321536K, used 219708K [0x0000000080000000, 0x0000000100000000)
  region size 1024K, 2 young (2048K), 2 survivors (2048K)
 Metaspace       used 149262K, capacity 154985K, committed 155112K, reserved 1183744K
  class space    used 18489K, capacity 20506K, committed 20608K, reserved 1048576K
}
Event: 10874.379 GC heap before
{Heap before GC invocations=194 (full 0):
 garbage-first heap   total 321536K, used 262716K [0x0000000080000000, 0x0000000100000000)
  region size 1024K, 45 young (46080K), 2 survivors (2048K)
 Metaspace       used 149332K, capacity 155051K, committed 155368K, reserved 1183744K
  class space    used 18490K, capacity 20506K, committed 20608K, reserved 1048576K
}
Event: 10874.429 GC heap after
{Heap after GC invocations=195 (full 0):
 garbage-first heap   total 321536K, used 225229K [0x0000000080000000, 0x0000000100000000)
  region size 1024K, 6 young (6144K), 6 survivors (6144K)
 Metaspace       used 149332K, capacity 155051K, committed 155368K, reserved 1183744K
  class space    used 18490K, capacity 20506K, committed 20608K, reserved 1048576K
}
Event: 10971.484 GC heap before
{Heap before GC invocations=196 (full 0):
 garbage-first heap   total 321536K, used 264141K [0x0000000080000000, 0x0000000100000000)
  region size 1024K, 48 young (49152K), 6 survivors (6144K)
 Metaspace       used 149370K, capacity 155053K, committed 155368K, reserved 1183744K
  class space    used 18491K, capacity 20506K, committed 20608K, reserved 1048576K
}
Event: 10971.654 GC heap after
{Heap after GC invocations=197 (full 0):
 garbage-first heap   total 321536K, used 220554K [0x0000000080000000, 0x0000000100000000)
  region size 1024K, 3 young (3072K), 3 survivors (3072K)
 Metaspace       used 149370K, capacity 155053K, committed 155368K, reserved 1183744K
  class space    used 18491K, capacity 20506K, committed 20608K, reserved 1048576K
}

